[2022-04-06 10:01:27] Start:DcfTask
DuplicatedCodeFinder 10.0.0 Java (Build:f8fa7a1c28) - (C) 2001-2021 FrontEndART Ltd.
Integrated 3rd party tool(s): SonarQube
Initializing lim...
There is no valid license!
Loading (1.00): C:\Users\Sokaina\Downloads\Versiones-Junit5\junit5-r5.0.2\.columbus_java\Junit5-V3.ljsi
Using patternFilter...
Loading (1.00): C:\Users\Sokaina\Downloads\Versiones-Junit5\junit5-r5.0.2\.columbus_java\Junit5-V3.ljsi
Detecting clones...
Generating clone instances...
Applying filters...
Computing clone coverage...
Evolution mapping...
Finalizing...
Building clone tree...
Done

Statistics:
	Detection time      :1842 1/100sec
	Peak memory usage   :289 MByte
[2022-04-06 10:01:48] End:DcfTask Result:OK
