[2022-04-06 10:01:30] Start:PMD2GraphTask
PMD2Graph 10.0.0 (Build:f8fa7a1c28) - (C) 2001-2021 FrontEndART Ltd.
Integrated 3rd party tool(s): SonarQube
Loading LIM ASG file "C:\Users\Sokaina\Downloads\SourceMeter-10.0.0-x64-Windows\Java\Results\Junit5-V3\java\2022-04-06-10-00-09\sourcemeter\asg\Junit5-V3.lim"
Loading filter file "C:\Users\Sokaina\Downloads\SourceMeter-10.0.0-x64-Windows\Java\Results\Junit5-V3\java\2022-04-06-10-00-09\sourcemeter\asg\Junit5-V3.flim"
Loading xml file "C:\Users\Sokaina\Downloads\SourceMeter-10.0.0-x64-Windows\Java\Results\Junit5-V3\java\2022-04-06-10-00-09\sourcemeter\temp\Junit5-V3-PMD.xml"
Warning: Warning 'PMD_ARP' has already been added. (node:L7497 path:C:\Users\Sokaina\Downloads\Versiones-Junit5\junit5-r5.0.2\junit-jupiter-engine\src\main\java\org\junit\jupiter\engine\execution\ConditionEvaluator.java line:119 col:39 endline:119 endcol:45 text:'Avoid reassigning parameters such as 'pattern'')
Warning: Warning 'PMD_ARP' has already been added. (node:L7497 path:C:\Users\Sokaina\Downloads\Versiones-Junit5\junit5-r5.0.2\junit-jupiter-engine\src\main\java\org\junit\jupiter\engine\execution\ConditionEvaluator.java line:119 col:39 endline:119 endcol:45 text:'Avoid reassigning parameters such as 'pattern'')
Warning: Warning 'PMD_UBA' has already been added. (node:L10642 path:C:\Users\Sokaina\Downloads\Versiones-Junit5\junit5-r5.0.2\junit-jupiter-engine\src\test\java\org\junit\jupiter\engine\StandardTestClassTests.java line:148 col:4 endline:148 endcol:19 text:'assertTrue(true) or similar statements are unnecessary')
Warning: Warning 'PMD_UBA' has already been added. (node:L10643 path:C:\Users\Sokaina\Downloads\Versiones-Junit5\junit5-r5.0.2\junit-jupiter-engine\src\test\java\org\junit\jupiter\engine\StandardTestClassTests.java line:153 col:4 endline:153 endcol:19 text:'assertTrue(true) or similar statements are unnecessary')
Warning: Warning 'PMD_UBA' has already been added. (node:L10647 path:C:\Users\Sokaina\Downloads\Versiones-Junit5\junit5-r5.0.2\junit-jupiter-engine\src\test\java\org\junit\jupiter\engine\StandardTestClassTests.java line:172 col:4 endline:172 endcol:19 text:'assertTrue(true) or similar statements are unnecessary')
Warning: Warning 'PMD_UBA' has already been added. (node:L10648 path:C:\Users\Sokaina\Downloads\Versiones-Junit5\junit5-r5.0.2\junit-jupiter-engine\src\test\java\org\junit\jupiter\engine\StandardTestClassTests.java line:177 col:4 endline:177 endcol:19 text:'assertTrue(true) or similar statements are unnecessary')
Warning: Warning 'PMD_UBA' has already been added. (node:L10651 path:C:\Users\Sokaina\Downloads\Versiones-Junit5\junit5-r5.0.2\junit-jupiter-engine\src\test\java\org\junit\jupiter\engine\StandardTestClassTests.java line:191 col:4 endline:191 endcol:19 text:'assertTrue(true) or similar statements are unnecessary')
Warning: Warning 'PMD_UBA' has already been added. (node:L10652 path:C:\Users\Sokaina\Downloads\Versiones-Junit5\junit5-r5.0.2\junit-jupiter-engine\src\test\java\org\junit\jupiter\engine\StandardTestClassTests.java line:196 col:4 endline:196 endcol:19 text:'assertTrue(true) or similar statements are unnecessary')
Warning: Warning 'PMD_UBA' has already been added. (node:L10653 path:C:\Users\Sokaina\Downloads\Versiones-Junit5\junit5-r5.0.2\junit-jupiter-engine\src\test\java\org\junit\jupiter\engine\StandardTestClassTests.java line:201 col:4 endline:201 endcol:19 text:'assertTrue(true) or similar statements are unnecessary')
Warning: Warning 'PMD_JUASIM' has already been added. (node:L10908 path:C:\Users\Sokaina\Downloads\Versiones-Junit5\junit5-r5.0.2\junit-jupiter-engine\src\test\java\org\junit\jupiter\engine\TestInstanceLifecycleTests.java line:519 col:3 endline:519 endcol:12 text:'JUnit assertions should include a message')
Warning: Warning 'PMD_JUASIM' has already been added. (node:L10908 path:C:\Users\Sokaina\Downloads\Versiones-Junit5\junit5-r5.0.2\junit-jupiter-engine\src\test\java\org\junit\jupiter\engine\TestInstanceLifecycleTests.java line:519 col:3 endline:519 endcol:12 text:'JUnit assertions should include a message')
Warning: Warning 'PMD_JUASIM' has already been added. (node:L10908 path:C:\Users\Sokaina\Downloads\Versiones-Junit5\junit5-r5.0.2\junit-jupiter-engine\src\test\java\org\junit\jupiter\engine\TestInstanceLifecycleTests.java line:519 col:3 endline:519 endcol:12 text:'JUnit assertions should include a message')
Warning: Warning 'PMD_JUASIM' has already been added. (node:L10908 path:C:\Users\Sokaina\Downloads\Versiones-Junit5\junit5-r5.0.2\junit-jupiter-engine\src\test\java\org\junit\jupiter\engine\TestInstanceLifecycleTests.java line:519 col:3 endline:519 endcol:12 text:'JUnit assertions should include a message')
Warning: Warning 'PMD_JUASIM' has already been added. (node:L10909 path:C:\Users\Sokaina\Downloads\Versiones-Junit5\junit5-r5.0.2\junit-jupiter-engine\src\test\java\org\junit\jupiter\engine\TestInstanceLifecycleTests.java line:542 col:3 endline:542 endcol:12 text:'JUnit assertions should include a message')
Warning: Warning 'PMD_JUASIM' has already been added. (node:L10909 path:C:\Users\Sokaina\Downloads\Versiones-Junit5\junit5-r5.0.2\junit-jupiter-engine\src\test\java\org\junit\jupiter\engine\TestInstanceLifecycleTests.java line:545 col:3 endline:545 endcol:12 text:'JUnit assertions should include a message')
Warning: Warning 'PMD_JUASIM' has already been added. (node:L10909 path:C:\Users\Sokaina\Downloads\Versiones-Junit5\junit5-r5.0.2\junit-jupiter-engine\src\test\java\org\junit\jupiter\engine\TestInstanceLifecycleTests.java line:545 col:3 endline:545 endcol:12 text:'JUnit assertions should include a message')
Warning: Warning 'PMD_JUASIM' has already been added. (node:L10909 path:C:\Users\Sokaina\Downloads\Versiones-Junit5\junit5-r5.0.2\junit-jupiter-engine\src\test\java\org\junit\jupiter\engine\TestInstanceLifecycleTests.java line:549 col:3 endline:549 endcol:12 text:'JUnit assertions should include a message')
Warning: Warning 'PMD_JUASIM' has already been added. (node:L10909 path:C:\Users\Sokaina\Downloads\Versiones-Junit5\junit5-r5.0.2\junit-jupiter-engine\src\test\java\org\junit\jupiter\engine\TestInstanceLifecycleTests.java line:549 col:3 endline:549 endcol:12 text:'JUnit assertions should include a message')
Warning: Warning 'PMD_UBA' has already been added. (node:L9453 path:C:\Users\Sokaina\Downloads\Versiones-Junit5\junit5-r5.0.2\junit-jupiter-engine\src\test\java\org\junit\jupiter\engine\extension\ParameterResolverTests.java line:285 col:4 endline:285 endcol:19 text:'assertTrue(true) or similar statements are unnecessary')
Warning: Warning 'PMD_JUASIM' has already been added. (node:L11733 path:C:\Users\Sokaina\Downloads\Versiones-Junit5\junit5-r5.0.2\junit-jupiter-migrationsupport\src\test\java\org\junit\jupiter\migrationsupport\rules\ExpectedExceptionSupportTests.java line:58 col:3 endline:58 endcol:12 text:'JUnit assertions should include a message')
Warning: Warning 'PMD_JUASIM' has already been added. (node:L11733 path:C:\Users\Sokaina\Downloads\Versiones-Junit5\junit5-r5.0.2\junit-jupiter-migrationsupport\src\test\java\org\junit\jupiter\migrationsupport\rules\ExpectedExceptionSupportTests.java line:58 col:3 endline:58 endcol:12 text:'JUnit assertions should include a message')
Warning: Warning 'PMD_JUASIM' has already been added. (node:L13304 path:C:\Users\Sokaina\Downloads\Versiones-Junit5\junit5-r5.0.2\junit-jupiter-params\src\test\java\org\junit\jupiter\params\ParameterizedTestIntegrationTests.java line:63 col:3 endline:63 endcol:12 text:'JUnit assertions should include a message')
Warning: Warning 'PMD_JUASIM' has already been added. (node:L13312 path:C:\Users\Sokaina\Downloads\Versiones-Junit5\junit5-r5.0.2\junit-jupiter-params\src\test\java\org\junit\jupiter\params\ParameterizedTestIntegrationTests.java line:72 col:3 endline:72 endcol:12 text:'JUnit assertions should include a message')
Warning: Warning 'PMD_JUASIM' has already been added. (node:L13313 path:C:\Users\Sokaina\Downloads\Versiones-Junit5\junit5-r5.0.2\junit-jupiter-params\src\test\java\org\junit\jupiter\params\ParameterizedTestIntegrationTests.java line:81 col:3 endline:81 endcol:12 text:'JUnit assertions should include a message')
Warning: Warning 'PMD_JUASIM' has already been added. (node:L13316 path:C:\Users\Sokaina\Downloads\Versiones-Junit5\junit5-r5.0.2\junit-jupiter-params\src\test\java\org\junit\jupiter\params\ParameterizedTestIntegrationTests.java line:90 col:3 endline:90 endcol:12 text:'JUnit assertions should include a message')
Warning: Warning 'PMD_JUASIM' has already been added. (node:L13317 path:C:\Users\Sokaina\Downloads\Versiones-Junit5\junit5-r5.0.2\junit-jupiter-params\src\test\java\org\junit\jupiter\params\ParameterizedTestIntegrationTests.java line:99 col:3 endline:99 endcol:12 text:'JUnit assertions should include a message')
Warning: Warning 'PMD_JUASIM' has already been added. (node:L13321 path:C:\Users\Sokaina\Downloads\Versiones-Junit5\junit5-r5.0.2\junit-jupiter-params\src\test\java\org\junit\jupiter\params\ParameterizedTestIntegrationTests.java line:108 col:3 endline:108 endcol:12 text:'JUnit assertions should include a message')
Warning: Warning 'PMD_JUASIM' has already been added. (node:L13322 path:C:\Users\Sokaina\Downloads\Versiones-Junit5\junit5-r5.0.2\junit-jupiter-params\src\test\java\org\junit\jupiter\params\ParameterizedTestIntegrationTests.java line:117 col:3 endline:117 endcol:12 text:'JUnit assertions should include a message')
Warning: Warning 'PMD_JUASIM' has already been added. (node:L13323 path:C:\Users\Sokaina\Downloads\Versiones-Junit5\junit5-r5.0.2\junit-jupiter-params\src\test\java\org\junit\jupiter\params\ParameterizedTestIntegrationTests.java line:126 col:3 endline:126 endcol:12 text:'JUnit assertions should include a message')
Warning: Warning 'PMD_JUASIM' has already been added. (node:L13324 path:C:\Users\Sokaina\Downloads\Versiones-Junit5\junit5-r5.0.2\junit-jupiter-params\src\test\java\org\junit\jupiter\params\ParameterizedTestIntegrationTests.java line:138 col:3 endline:138 endcol:12 text:'JUnit assertions should include a message')
Warning: Warning 'PMD_UAEIOAT' has already been added. (node:L21731 path:C:\Users\Sokaina\Downloads\Versiones-Junit5\junit5-r5.0.2\platform-tests\src\test\java\org\junit\platform\engine\UniqueIdTests.java line:153 col:4 endline:153 endcol:30 text:'Use assertEquals(x, y) instead of assertTrue(x.equals(y))')
Warning: Warning 'PMD_UAEIOAT' has already been added. (node:L21731 path:C:\Users\Sokaina\Downloads\Versiones-Junit5\junit5-r5.0.2\platform-tests\src\test\java\org\junit\platform\engine\UniqueIdTests.java line:154 col:4 endline:154 endcol:30 text:'Use assertEquals(x, y) instead of assertTrue(x.equals(y))')
Warning: Warning 'PMD_UAEIOAT' has already been added. (node:L21733 path:C:\Users\Sokaina\Downloads\Versiones-Junit5\junit5-r5.0.2\platform-tests\src\test\java\org\junit\platform\engine\UniqueIdTests.java line:172 col:4 endline:172 endcol:30 text:'Use assertEquals(x, y) instead of assertTrue(x.equals(y))')
Warning: Warning 'PMD_UAEIOAT' has already been added. (node:L21733 path:C:\Users\Sokaina\Downloads\Versiones-Junit5\junit5-r5.0.2\platform-tests\src\test\java\org\junit\platform\engine\UniqueIdTests.java line:173 col:4 endline:173 endcol:30 text:'Use assertEquals(x, y) instead of assertTrue(x.equals(y))')
[2022-04-06 10:01:33] End:PMD2GraphTask Result:OK
