[2022-04-06 09:54:03] Start:MetricHunterTask
MetricHunter 10.0.0 Java (Build:f8fa7a1c28) - (C) 2001-2021 FrontEndART Ltd.
Integrated 3rd party tool(s): SonarQube
Warning: Metric 'WarningBlocker' is not calculated for the 'Class' entities!
Warning: Rule for the following threshold configuration has not been built into the graph!
m_id: WarningBlocker Relation:gt Value:0 Entities: Class
Warning: Metric 'WarningBlocker' is not calculated for the 'Interface' entities!
Warning: Rule for the following threshold configuration has not been built into the graph!
m_id: WarningBlocker Relation:gt Value:0 Entities: Interface
Warning: Metric 'WarningBlocker' is not calculated for the 'Enum' entities!
Warning: Rule for the following threshold configuration has not been built into the graph!
m_id: WarningBlocker Relation:gt Value:0 Entities: Enum
Warning: Metric 'WarningBlocker' is not calculated for the 'Annotation' entities!
Warning: Rule for the following threshold configuration has not been built into the graph!
m_id: WarningBlocker Relation:gt Value:0 Entities: Annotation
Warning: Metric 'WarningCritical' is not calculated for the 'Class' entities!
Warning: Rule for the following threshold configuration has not been built into the graph!
m_id: WarningCritical Relation:gt Value:0 Entities: Class
Warning: Metric 'WarningCritical' is not calculated for the 'Interface' entities!
Warning: Rule for the following threshold configuration has not been built into the graph!
m_id: WarningCritical Relation:gt Value:0 Entities: Interface
Warning: Metric 'WarningCritical' is not calculated for the 'Enum' entities!
Warning: Rule for the following threshold configuration has not been built into the graph!
m_id: WarningCritical Relation:gt Value:0 Entities: Enum
Warning: Metric 'WarningCritical' is not calculated for the 'Annotation' entities!
Warning: Rule for the following threshold configuration has not been built into the graph!
m_id: WarningCritical Relation:gt Value:0 Entities: Annotation
Warning: Metric 'WarningMajor' is not calculated for the 'Class' entities!
Warning: Rule for the following threshold configuration has not been built into the graph!
m_id: WarningMajor Relation:gt Value:0 Entities: Class
Warning: Metric 'WarningMajor' is not calculated for the 'Interface' entities!
Warning: Rule for the following threshold configuration has not been built into the graph!
m_id: WarningMajor Relation:gt Value:0 Entities: Interface
Warning: Metric 'WarningMajor' is not calculated for the 'Enum' entities!
Warning: Rule for the following threshold configuration has not been built into the graph!
m_id: WarningMajor Relation:gt Value:0 Entities: Enum
Warning: Metric 'WarningMajor' is not calculated for the 'Annotation' entities!
Warning: Rule for the following threshold configuration has not been built into the graph!
m_id: WarningMajor Relation:gt Value:0 Entities: Annotation
Warning: Metric 'WarningMinor' is not calculated for the 'Class' entities!
Warning: Rule for the following threshold configuration has not been built into the graph!
m_id: WarningMinor Relation:gt Value:0 Entities: Class
Warning: Metric 'WarningMinor' is not calculated for the 'Interface' entities!
Warning: Rule for the following threshold configuration has not been built into the graph!
m_id: WarningMinor Relation:gt Value:0 Entities: Interface
Warning: Metric 'WarningMinor' is not calculated for the 'Enum' entities!
Warning: Rule for the following threshold configuration has not been built into the graph!
m_id: WarningMinor Relation:gt Value:0 Entities: Enum
Warning: Metric 'WarningMinor' is not calculated for the 'Annotation' entities!
Warning: Rule for the following threshold configuration has not been built into the graph!
m_id: WarningMinor Relation:gt Value:0 Entities: Annotation
Warning: Metric 'WarningBlocker' is not calculated for the 'Method' entities!
Warning: Rule for the following threshold configuration has not been built into the graph!
m_id: WarningBlocker Relation:gt Value:0 Entities: Method
Warning: Metric 'WarningCritical' is not calculated for the 'Method' entities!
Warning: Rule for the following threshold configuration has not been built into the graph!
m_id: WarningCritical Relation:gt Value:0 Entities: Method
Warning: Metric 'WarningMajor' is not calculated for the 'Method' entities!
Warning: Rule for the following threshold configuration has not been built into the graph!
m_id: WarningMajor Relation:gt Value:0 Entities: Method
Warning: Metric 'WarningMinor' is not calculated for the 'Method' entities!
Warning: Rule for the following threshold configuration has not been built into the graph!
m_id: WarningMinor Relation:gt Value:0 Entities: Method
Succesfully added 15909 warnings! 
Graph saved successfully to C:\Users\Sokaina\Downloads\SourceMeter-10.0.0-x64-Windows\Java\Results\Junit5-V1\java\2022-04-06-09-52-26\Junit5-V1.graph! 
[2022-04-06 09:54:20] End:MetricHunterTask Result:OK
