[2022-04-06 09:58:33] Start:DcfTask
DuplicatedCodeFinder 10.0.0 Java (Build:f8fa7a1c28) - (C) 2001-2021 FrontEndART Ltd.
Integrated 3rd party tool(s): SonarQube
Initializing lim...
There is no valid license!
Loading (1.00): C:\Users\Sokaina\Downloads\Versiones-Junit5\junit5-r5.0.1\.columbus_java\Junit5-V2.ljsi
Using patternFilter...
Loading (1.00): C:\Users\Sokaina\Downloads\Versiones-Junit5\junit5-r5.0.1\.columbus_java\Junit5-V2.ljsi
Detecting clones...
Generating clone instances...
Applying filters...
Computing clone coverage...
Evolution mapping...
Finalizing...
Building clone tree...
Done

Statistics:
	Detection time      :1725 1/100sec
	Peak memory usage   :287 MByte
[2022-04-06 09:58:53] End:DcfTask Result:OK
