[2022-04-06 09:58:38] Start:PMD2GraphTask
PMD2Graph 10.0.0 (Build:f8fa7a1c28) - (C) 2001-2021 FrontEndART Ltd.
Integrated 3rd party tool(s): SonarQube
Loading LIM ASG file "C:\Users\Sokaina\Downloads\SourceMeter-10.0.0-x64-Windows\Java\Results\Junit5-V2\java\2022-04-06-09-57-18\sourcemeter\asg\Junit5-V2.lim"
Loading filter file "C:\Users\Sokaina\Downloads\SourceMeter-10.0.0-x64-Windows\Java\Results\Junit5-V2\java\2022-04-06-09-57-18\sourcemeter\asg\Junit5-V2.flim"
Loading xml file "C:\Users\Sokaina\Downloads\SourceMeter-10.0.0-x64-Windows\Java\Results\Junit5-V2\java\2022-04-06-09-57-18\sourcemeter\temp\Junit5-V2-PMD.xml"
Warning: Warning 'PMD_ARP' has already been added. (node:L7472 path:C:\Users\Sokaina\Downloads\Versiones-Junit5\junit5-r5.0.1\junit-jupiter-engine\src\main\java\org\junit\jupiter\engine\execution\ConditionEvaluator.java line:119 col:39 endline:119 endcol:45 text:'Avoid reassigning parameters such as 'pattern'')
Warning: Warning 'PMD_ARP' has already been added. (node:L7472 path:C:\Users\Sokaina\Downloads\Versiones-Junit5\junit5-r5.0.1\junit-jupiter-engine\src\main\java\org\junit\jupiter\engine\execution\ConditionEvaluator.java line:119 col:39 endline:119 endcol:45 text:'Avoid reassigning parameters such as 'pattern'')
Warning: Warning 'PMD_UBA' has already been added. (node:L10618 path:C:\Users\Sokaina\Downloads\Versiones-Junit5\junit5-r5.0.1\junit-jupiter-engine\src\test\java\org\junit\jupiter\engine\StandardTestClassTests.java line:148 col:4 endline:148 endcol:19 text:'assertTrue(true) or similar statements are unnecessary')
Warning: Warning 'PMD_UBA' has already been added. (node:L10619 path:C:\Users\Sokaina\Downloads\Versiones-Junit5\junit5-r5.0.1\junit-jupiter-engine\src\test\java\org\junit\jupiter\engine\StandardTestClassTests.java line:153 col:4 endline:153 endcol:19 text:'assertTrue(true) or similar statements are unnecessary')
Warning: Warning 'PMD_UBA' has already been added. (node:L10623 path:C:\Users\Sokaina\Downloads\Versiones-Junit5\junit5-r5.0.1\junit-jupiter-engine\src\test\java\org\junit\jupiter\engine\StandardTestClassTests.java line:172 col:4 endline:172 endcol:19 text:'assertTrue(true) or similar statements are unnecessary')
Warning: Warning 'PMD_UBA' has already been added. (node:L10624 path:C:\Users\Sokaina\Downloads\Versiones-Junit5\junit5-r5.0.1\junit-jupiter-engine\src\test\java\org\junit\jupiter\engine\StandardTestClassTests.java line:177 col:4 endline:177 endcol:19 text:'assertTrue(true) or similar statements are unnecessary')
Warning: Warning 'PMD_UBA' has already been added. (node:L10627 path:C:\Users\Sokaina\Downloads\Versiones-Junit5\junit5-r5.0.1\junit-jupiter-engine\src\test\java\org\junit\jupiter\engine\StandardTestClassTests.java line:191 col:4 endline:191 endcol:19 text:'assertTrue(true) or similar statements are unnecessary')
Warning: Warning 'PMD_UBA' has already been added. (node:L10628 path:C:\Users\Sokaina\Downloads\Versiones-Junit5\junit5-r5.0.1\junit-jupiter-engine\src\test\java\org\junit\jupiter\engine\StandardTestClassTests.java line:196 col:4 endline:196 endcol:19 text:'assertTrue(true) or similar statements are unnecessary')
Warning: Warning 'PMD_UBA' has already been added. (node:L10629 path:C:\Users\Sokaina\Downloads\Versiones-Junit5\junit5-r5.0.1\junit-jupiter-engine\src\test\java\org\junit\jupiter\engine\StandardTestClassTests.java line:201 col:4 endline:201 endcol:19 text:'assertTrue(true) or similar statements are unnecessary')
Warning: Warning 'PMD_JUASIM' has already been added. (node:L10870 path:C:\Users\Sokaina\Downloads\Versiones-Junit5\junit5-r5.0.1\junit-jupiter-engine\src\test\java\org\junit\jupiter\engine\TestInstanceLifecycleTests.java line:525 col:3 endline:525 endcol:12 text:'JUnit assertions should include a message')
Warning: Warning 'PMD_JUASIM' has already been added. (node:L10870 path:C:\Users\Sokaina\Downloads\Versiones-Junit5\junit5-r5.0.1\junit-jupiter-engine\src\test\java\org\junit\jupiter\engine\TestInstanceLifecycleTests.java line:525 col:3 endline:525 endcol:12 text:'JUnit assertions should include a message')
Warning: Warning 'PMD_JUASIM' has already been added. (node:L10870 path:C:\Users\Sokaina\Downloads\Versiones-Junit5\junit5-r5.0.1\junit-jupiter-engine\src\test\java\org\junit\jupiter\engine\TestInstanceLifecycleTests.java line:525 col:3 endline:525 endcol:12 text:'JUnit assertions should include a message')
Warning: Warning 'PMD_JUASIM' has already been added. (node:L10870 path:C:\Users\Sokaina\Downloads\Versiones-Junit5\junit5-r5.0.1\junit-jupiter-engine\src\test\java\org\junit\jupiter\engine\TestInstanceLifecycleTests.java line:525 col:3 endline:525 endcol:12 text:'JUnit assertions should include a message')
Warning: Warning 'PMD_JUASIM' has already been added. (node:L10871 path:C:\Users\Sokaina\Downloads\Versiones-Junit5\junit5-r5.0.1\junit-jupiter-engine\src\test\java\org\junit\jupiter\engine\TestInstanceLifecycleTests.java line:548 col:3 endline:548 endcol:12 text:'JUnit assertions should include a message')
Warning: Warning 'PMD_JUASIM' has already been added. (node:L10871 path:C:\Users\Sokaina\Downloads\Versiones-Junit5\junit5-r5.0.1\junit-jupiter-engine\src\test\java\org\junit\jupiter\engine\TestInstanceLifecycleTests.java line:551 col:3 endline:551 endcol:12 text:'JUnit assertions should include a message')
Warning: Warning 'PMD_JUASIM' has already been added. (node:L10871 path:C:\Users\Sokaina\Downloads\Versiones-Junit5\junit5-r5.0.1\junit-jupiter-engine\src\test\java\org\junit\jupiter\engine\TestInstanceLifecycleTests.java line:551 col:3 endline:551 endcol:12 text:'JUnit assertions should include a message')
Warning: Warning 'PMD_JUASIM' has already been added. (node:L10871 path:C:\Users\Sokaina\Downloads\Versiones-Junit5\junit5-r5.0.1\junit-jupiter-engine\src\test\java\org\junit\jupiter\engine\TestInstanceLifecycleTests.java line:555 col:3 endline:555 endcol:12 text:'JUnit assertions should include a message')
Warning: Warning 'PMD_JUASIM' has already been added. (node:L10871 path:C:\Users\Sokaina\Downloads\Versiones-Junit5\junit5-r5.0.1\junit-jupiter-engine\src\test\java\org\junit\jupiter\engine\TestInstanceLifecycleTests.java line:555 col:3 endline:555 endcol:12 text:'JUnit assertions should include a message')
Warning: Warning 'PMD_UBA' has already been added. (node:L9429 path:C:\Users\Sokaina\Downloads\Versiones-Junit5\junit5-r5.0.1\junit-jupiter-engine\src\test\java\org\junit\jupiter\engine\extension\ParameterResolverTests.java line:285 col:4 endline:285 endcol:19 text:'assertTrue(true) or similar statements are unnecessary')
Warning: Warning 'PMD_JUASIM' has already been added. (node:L11675 path:C:\Users\Sokaina\Downloads\Versiones-Junit5\junit5-r5.0.1\junit-jupiter-migrationsupport\src\test\java\org\junit\jupiter\migrationsupport\rules\ExpectedExceptionSupportTests.java line:58 col:3 endline:58 endcol:12 text:'JUnit assertions should include a message')
Warning: Warning 'PMD_JUASIM' has already been added. (node:L11675 path:C:\Users\Sokaina\Downloads\Versiones-Junit5\junit5-r5.0.1\junit-jupiter-migrationsupport\src\test\java\org\junit\jupiter\migrationsupport\rules\ExpectedExceptionSupportTests.java line:58 col:3 endline:58 endcol:12 text:'JUnit assertions should include a message')
Warning: Warning 'PMD_JUASIM' has already been added. (node:L13205 path:C:\Users\Sokaina\Downloads\Versiones-Junit5\junit5-r5.0.1\junit-jupiter-params\src\test\java\org\junit\jupiter\params\ParameterizedTestIntegrationTests.java line:62 col:3 endline:62 endcol:12 text:'JUnit assertions should include a message')
Warning: Warning 'PMD_JUASIM' has already been added. (node:L13213 path:C:\Users\Sokaina\Downloads\Versiones-Junit5\junit5-r5.0.1\junit-jupiter-params\src\test\java\org\junit\jupiter\params\ParameterizedTestIntegrationTests.java line:71 col:3 endline:71 endcol:12 text:'JUnit assertions should include a message')
Warning: Warning 'PMD_JUASIM' has already been added. (node:L13214 path:C:\Users\Sokaina\Downloads\Versiones-Junit5\junit5-r5.0.1\junit-jupiter-params\src\test\java\org\junit\jupiter\params\ParameterizedTestIntegrationTests.java line:80 col:3 endline:80 endcol:12 text:'JUnit assertions should include a message')
Warning: Warning 'PMD_JUASIM' has already been added. (node:L13217 path:C:\Users\Sokaina\Downloads\Versiones-Junit5\junit5-r5.0.1\junit-jupiter-params\src\test\java\org\junit\jupiter\params\ParameterizedTestIntegrationTests.java line:89 col:3 endline:89 endcol:12 text:'JUnit assertions should include a message')
Warning: Warning 'PMD_JUASIM' has already been added. (node:L13218 path:C:\Users\Sokaina\Downloads\Versiones-Junit5\junit5-r5.0.1\junit-jupiter-params\src\test\java\org\junit\jupiter\params\ParameterizedTestIntegrationTests.java line:101 col:3 endline:101 endcol:12 text:'JUnit assertions should include a message')
Warning: Warning 'PMD_UAEIOAT' has already been added. (node:L21617 path:C:\Users\Sokaina\Downloads\Versiones-Junit5\junit5-r5.0.1\platform-tests\src\test\java\org\junit\platform\engine\UniqueIdTests.java line:153 col:4 endline:153 endcol:30 text:'Use assertEquals(x, y) instead of assertTrue(x.equals(y))')
Warning: Warning 'PMD_UAEIOAT' has already been added. (node:L21617 path:C:\Users\Sokaina\Downloads\Versiones-Junit5\junit5-r5.0.1\platform-tests\src\test\java\org\junit\platform\engine\UniqueIdTests.java line:154 col:4 endline:154 endcol:30 text:'Use assertEquals(x, y) instead of assertTrue(x.equals(y))')
Warning: Warning 'PMD_UAEIOAT' has already been added. (node:L21619 path:C:\Users\Sokaina\Downloads\Versiones-Junit5\junit5-r5.0.1\platform-tests\src\test\java\org\junit\platform\engine\UniqueIdTests.java line:172 col:4 endline:172 endcol:30 text:'Use assertEquals(x, y) instead of assertTrue(x.equals(y))')
Warning: Warning 'PMD_UAEIOAT' has already been added. (node:L21619 path:C:\Users\Sokaina\Downloads\Versiones-Junit5\junit5-r5.0.1\platform-tests\src\test\java\org\junit\platform\engine\UniqueIdTests.java line:173 col:4 endline:173 endcol:30 text:'Use assertEquals(x, y) instead of assertTrue(x.equals(y))')
[2022-04-06 09:58:42] End:PMD2GraphTask Result:OK
